<component name="libraryTable">
  <library name="junit-4.13-beta-3">
    <CLASSES>
      <root url="jar://$PROJECT_DIR$/../../java-web-dev-exercises-master/lib/junit-4.13-beta-3.jar!/" />
    </CLASSES>
    <JAVADOC />
    <SOURCES>
      <root url="file://$PROJECT_DIR$/src" />
    </SOURCES>
  </library>
</component>